<?xml version="1.0" encoding="UTF-8"?>
<testsuite name="ru.alt.cloudstorage.CloudStorageApplicationTests" tests="5" skipped="0" failures="0" errors="0" timestamp="2023-12-24T21:14:37" hostname="LENOVO-PC" time="2.336">
  <properties/>
  <testcase name="getLoginErrorInputData()" classname="ru.alt.cloudstorage.CloudStorageApplicationTests" time="2.0"/>
  <testcase name="getListErrorInputData()" classname="ru.alt.cloudstorage.CloudStorageApplicationTests" time="0.02"/>
  <testcase name="getLoginDataTest()" classname="ru.alt.cloudstorage.CloudStorageApplicationTests" time="0.129"/>
  <testcase name="getListDataTest()" classname="ru.alt.cloudstorage.CloudStorageApplicationTests" time="0.051"/>
  <testcase name="contextLoads()" classname="ru.alt.cloudstorage.CloudStorageApplicationTests" time="0.015"/>
  <system-out><![CDATA[00:13:53.167 [Test worker] DEBUG org.springframework.boot.test.context.SpringBootTestContextBootstrapper - Neither @ContextConfiguration nor @ContextHierarchy found for test class [CloudStorageApplicationTests]: using SpringBootContextLoader
00:13:53.225 [Test worker] DEBUG org.springframework.test.context.support.AbstractContextLoader - Could not detect default resource locations for test class [ru.alt.cloudstorage.CloudStorageApplicationTests]: no resource found for suffixes {-context.xml, Context.groovy}.
00:13:53.233 [Test worker] INFO org.springframework.test.context.support.AnnotationConfigContextLoaderUtils - Could not detect default configuration classes for test class [ru.alt.cloudstorage.CloudStorageApplicationTests]: CloudStorageApplicationTests does not declare any static, non-private, non-final, nested classes annotated with @Configuration.
00:13:53.486 [Test worker] DEBUG org.springframework.boot.test.context.SpringBootTestContextBootstrapper - Using ContextCustomizers for test class [CloudStorageApplicationTests]: [DisableObservabilityContextCustomizer, PropertyMappingContextCustomizer, Customizer, ExcludeFilterContextCustomizer, DuplicateJsonObjectContextCustomizer, MockitoContextCustomizer, TestRestTemplateContextCustomizer]
00:13:54.004 [Test worker] DEBUG org.springframework.context.annotation.ClassPathScanningCandidateComponentProvider - Identified candidate component class: file [C:\Users\Alt\IdeaProjects\springBoot\TaskManager\build\classes\java\main\ru\alt\cloudstorage\CloudStorageApplication.class]
00:13:54.089 [Test worker] INFO org.springframework.boot.test.context.SpringBootTestContextBootstrapper - Found @SpringBootConfiguration ru.alt.cloudstorage.CloudStorageApplication for test class ru.alt.cloudstorage.CloudStorageApplicationTests
00:13:54.744 [Test worker] DEBUG org.springframework.boot.test.context.SpringBootTestContextBootstrapper - Using TestExecutionListeners for test class [CloudStorageApplicationTests]: [ServletTestExecutionListener, DirtiesContextBeforeModesTestExecutionListener, ApplicationEventsTestExecutionListener, MockitoTestExecutionListener, DependencyInjectionTestExecutionListener, DirtiesContextTestExecutionListener, TransactionalTestExecutionListener, SqlScriptsTestExecutionListener, WithSecurityContextTestExecutionListener, EventPublishingTestExecutionListener, ReactorContextTestExecutionListener, RestDocsTestExecutionListener, MockRestServiceServerResetTestExecutionListener, MockMvcPrintOnlyOnFailureTestExecutionListener, WebDriverTestExecutionListener, MockWebServiceServerTestExecutionListener, ResetMocksTestExecutionListener]
00:13:54.751 [Test worker] DEBUG org.springframework.test.context.support.AbstractDirtiesContextTestExecutionListener - Before test class: class [CloudStorageApplicationTests], class annotated with @DirtiesContext [false] with mode [null]

  .   ____          _            __ _ _
 /\\ / ___'_ __ _ _(_)_ __  __ _ \ \ \ \
( ( )\___ | '_ | '_| | '_ \/ _` | \ \ \ \
 \\/  ___)| |_)| | | | | || (_| |  ) ) ) )
  '  |____| .__|_| |_|_| |_\__, | / / / /
 =========|_|==============|___/=/_/_/_/
 :: Spring Boot ::                (v3.0.1)

2023-12-25T00:13:56.924+03:00  INFO 16308 --- [    Test worker] r.a.c.CloudStorageApplicationTests       : Starting CloudStorageApplicationTests using Java 17 with PID 16308 (started by Alt in C:\Users\Alt\IdeaProjects\springBoot\TaskManager)
2023-12-25T00:13:56.930+03:00  INFO 16308 --- [    Test worker] r.a.c.CloudStorageApplicationTests       : No active profile set, falling back to 1 default profile: "default"
2023-12-25T00:14:03.725+03:00  INFO 16308 --- [    Test worker] .s.d.r.c.RepositoryConfigurationDelegate : Bootstrapping Spring Data JPA repositories in DEFAULT mode.
2023-12-25T00:14:04.134+03:00  INFO 16308 --- [    Test worker] .s.d.r.c.RepositoryConfigurationDelegate : Finished Spring Data repository scanning in 367 ms. Found 3 JPA repository interfaces.
2023-12-25T00:14:07.031+03:00  INFO 16308 --- [    Test worker] com.zaxxer.hikari.HikariDataSource       : HikariPool-1 - Starting...
2023-12-25T00:14:07.661+03:00  INFO 16308 --- [    Test worker] com.zaxxer.hikari.pool.HikariPool        : HikariPool-1 - Added connection org.postgresql.jdbc.PgConnection@4137aab0
2023-12-25T00:14:07.675+03:00  INFO 16308 --- [    Test worker] com.zaxxer.hikari.HikariDataSource       : HikariPool-1 - Start completed.
2023-12-25T00:14:08.638+03:00  INFO 16308 --- [    Test worker] o.hibernate.jpa.internal.util.LogHelper  : HHH000204: Processing PersistenceUnitInfo [name: default]
2023-12-25T00:14:09.045+03:00  INFO 16308 --- [    Test worker] org.hibernate.Version                    : HHH000412: Hibernate ORM core version 6.1.6.Final
2023-12-25T00:14:10.324+03:00  WARN 16308 --- [    Test worker] org.hibernate.orm.deprecation            : HHH90000021: Encountered deprecated setting [javax.persistence.sharedCache.mode], use [jakarta.persistence.sharedCache.mode] instead
2023-12-25T00:14:11.342+03:00  INFO 16308 --- [    Test worker] SQL dialect                              : HHH000400: Using dialect: org.hibernate.dialect.PostgreSQLDialect
2023-12-25T00:14:15.673+03:00  INFO 16308 --- [    Test worker] o.h.e.t.j.p.i.JtaPlatformInitiator       : HHH000490: Using JtaPlatform implementation: [org.hibernate.engine.transaction.jta.platform.internal.NoJtaPlatform]
2023-12-25T00:14:15.719+03:00  INFO 16308 --- [    Test worker] j.LocalContainerEntityManagerFactoryBean : Initialized JPA EntityManagerFactory for persistence unit 'default'
2023-12-25T00:14:21.312+03:00  WARN 16308 --- [    Test worker] JpaBaseConfiguration$JpaWebConfiguration : spring.jpa.open-in-view is enabled by default. Therefore, database queries may be performed during view rendering. Explicitly configure spring.jpa.open-in-view to disable this warning
2023-12-25T00:14:21.590+03:00  WARN 16308 --- [    Test worker] .s.s.UserDetailsServiceAutoConfiguration : 

Using generated security password: 15fa2132-1aa5-426e-bda5-abe773d21b40

This generated password is for development use only. Your security configuration must be updated before running your application in production.

2023-12-25T00:14:22.366+03:00  INFO 16308 --- [    Test worker] o.s.s.web.DefaultSecurityFilterChain     : Will secure any request with [org.springframework.security.web.session.DisableEncodeUrlFilter@7a5a26b7, org.springframework.security.web.context.request.async.WebAsyncManagerIntegrationFilter@3524ee20, org.springframework.security.web.context.SecurityContextHolderFilter@7c9b0c16, org.springframework.security.web.header.HeaderWriterFilter@2d6cbbdb, org.springframework.security.web.csrf.CsrfFilter@61b6f287, org.springframework.security.web.authentication.logout.LogoutFilter@18487f92, org.springframework.security.web.authentication.UsernamePasswordAuthenticationFilter@333d5a0c, org.springframework.security.web.authentication.ui.DefaultLoginPageGeneratingFilter@6aaed880, org.springframework.security.web.authentication.ui.DefaultLogoutPageGeneratingFilter@6bc1c8d0, org.springframework.security.web.authentication.www.BasicAuthenticationFilter@6e8426aa, org.springframework.security.web.savedrequest.RequestCacheAwareFilter@240fa4ad, org.springframework.security.web.servletapi.SecurityContextHolderAwareRequestFilter@8d5b303, org.springframework.security.web.authentication.AnonymousAuthenticationFilter@7f93fce1, org.springframework.security.web.access.ExceptionTranslationFilter@23f9d0ce, org.springframework.security.web.access.intercept.AuthorizationFilter@4c5379f5]
2023-12-25T00:14:37.511+03:00  INFO 16308 --- [    Test worker] r.a.c.CloudStorageApplicationTests       : Started CloudStorageApplicationTests in 42.46 seconds (process running for 51.869)
true
]]></system-out>
  <system-err><![CDATA[]]></system-err>
</testsuite>
